2024-10-25 22:19:15,541 - INFO - Starting download from URL: https://registers.esma.europa.eu/solr/esma_registers_firds_files/select?q=*&fq=publication_date:%5B2021-01-17T00:00:00Z+TO+2021-01-19T23:59:59Z%5D&wt=xml&indent=true&start=0&rows=100
2024-10-25 22:19:16,469 - INFO - Successfully downloaded and saved to: C:\Users\DELL\Desktop\SteelProject\Steelnew.xml
2024-10-25 22:19:16,470 - INFO - Parsing XML file: C:\Users\DELL\Desktop\SteelProject\Steelnew.xml
2024-10-25 22:19:16,476 - INFO - Found second download link: https://firds.esma.europa.eu/firds/DLTINS_20210119_01of02.zip
2024-10-25 22:19:16,476 - INFO - Starting download from URL: https://firds.esma.europa.eu/firds/DLTINS_20210119_01of02.zip
2024-10-25 22:19:19,324 - INFO - Successfully downloaded and saved to: C:\Users\DELL\Desktop\SteelProject\aa.zip
2024-10-25 22:19:19,340 - INFO - Extracting XML from zip file: C:\Users\DELL\Desktop\SteelProject\aa.zip
2024-10-25 22:19:20,563 - INFO - Found XML file in zip: DLTINS_20210119_01of02.xml
2024-10-25 22:19:38,310 - INFO - Processing XML string with 2 elements
2024-10-25 22:20:06,615 - INFO - Successfully wrote CSV to C:\Users\DELL\Desktop\SteelProject\teststeel.csv
2024-10-25 22:20:08,358 - INFO - Modifying CSV file: C:\Users\DELL\Downloads\SE\BP\aa\teststeel.csv
2024-10-25 22:22:03,684 - INFO - Starting download from URL: https://registers.esma.europa.eu/solr/esma_registers_firds_files/select?q=*&fq=publication_date:%5B2021-01-17T00:00:00Z+TO+2021-01-19T23:59:59Z%5D&wt=xml&indent=true&start=0&rows=100
2024-10-25 22:22:04,712 - INFO - Successfully downloaded and saved to: C:\Users\DELL\Desktop\SteelProject\Steelnew.xml
2024-10-25 22:22:04,714 - INFO - Parsing XML file: C:\Users\DELL\Desktop\SteelProject\Steelnew.xml
2024-10-25 22:22:04,720 - INFO - Found second download link: https://firds.esma.europa.eu/firds/DLTINS_20210119_01of02.zip
2024-10-25 22:22:04,720 - INFO - Starting download from URL: https://firds.esma.europa.eu/firds/DLTINS_20210119_01of02.zip
2024-10-25 22:22:27,376 - INFO - Successfully downloaded and saved to: C:\Users\DELL\Desktop\SteelProject\aa.zip
2024-10-25 22:22:27,392 - INFO - Extracting XML from zip file: C:\Users\DELL\Desktop\SteelProject\aa.zip
2024-10-25 22:22:28,559 - INFO - Found XML file in zip: DLTINS_20210119_01of02.xml
2024-10-25 22:22:46,405 - INFO - Processing XML string with 2 elements
2024-10-25 22:23:14,036 - INFO - Successfully wrote CSV to C:\Users\DELL\Desktop\SteelProject\teststeel.csv
2024-10-25 22:23:15,783 - INFO - Modifying CSV file: C:\Users\DELL\Desktop\SteelProject\teststeel.csv
2024-10-25 22:23:22,494 - INFO - Uploading modified CSV to cloud at: s3://csvbypy/up-csv/newSteel.csv
2024-10-25 22:23:23,939 - INFO - Found credentials in shared credentials file: ~/.aws/credentials
2024-10-25 22:52:00,263 - INFO - Successfully uploaded CSV to cloud at s3://csvbypy/up-csv/newSteel.csv
2024-10-26 01:43:36,237 - INFO - Starting download from URL: https://registers.esma.europa.eu/solr/esma_registers_firds_files/select?q=*&fq=publication_date:%5B2021-01-17T00:00:00Z+TO+2021-01-19T23:59:59Z%5D&wt=xml&indent=true&start=0&rows=100
2024-10-26 01:43:37,393 - INFO - Successfully downloaded and saved to: C:\Users\DELL\Desktop\SteelProject\Steelnew.xml
2024-10-26 01:43:37,394 - INFO - Parsing XML file: C:\Users\DELL\Desktop\SteelProject\Steelnew.xml
2024-10-26 01:43:37,400 - INFO - Found second download link: https://firds.esma.europa.eu/firds/DLTINS_20210119_01of02.zip
2024-10-26 01:43:37,400 - INFO - Starting download from URL: https://firds.esma.europa.eu/firds/DLTINS_20210119_01of02.zip
2024-10-26 01:43:41,388 - INFO - Successfully downloaded and saved to: C:\Users\DELL\Desktop\SteelProject\aa.zip
2024-10-26 01:43:41,402 - INFO - Extracting XML from zip file: C:\Users\DELL\Desktop\SteelProject\aa.zip
2024-10-26 01:43:42,657 - INFO - Found XML file in zip: DLTINS_20210119_01of02.xml
2024-10-26 01:43:59,934 - INFO - Processing XML string with 2 elements
2024-10-26 01:44:28,702 - INFO - Successfully wrote CSV to C:\Users\DELL\Desktop\SteelProject\teststeel.csv
2024-10-26 01:44:30,594 - INFO - Modifying CSV file: C:\Users\DELL\Desktop\SteelProject\teststeel.csv
2024-10-26 01:44:37,677 - INFO - Uploading modified CSV to cloud at: C:\Users\DELL\Desktop\SteelProject\testnewSteel.csv
2024-10-26 01:44:38,888 - INFO - Successfully uploaded CSV to cloud at C:\Users\DELL\Desktop\SteelProject\testnewSteel.csv
2024-10-26 02:38:22,937 - INFO - Starting download from URL: https://registers.esma.europa.eu/solr/esma_registers_firds_files/select?q=*&fq=publication_date:%5B2021-01-17T00:00:00Z+TO+2021-01-19T23:59:59Z%5D&wt=xml&indent=true&start=0&rows=100
2024-10-26 02:38:23,890 - INFO - Successfully downloaded and saved to: C:\Users\DELL\Desktop\SteelProject\Steelnew.xml
2024-10-26 02:38:23,893 - INFO - Parsing XML file: C:\Users\DELL\Desktop\SteelProject\Steelnew.xml
2024-10-26 02:38:23,896 - INFO - Found second download link: https://firds.esma.europa.eu/firds/DLTINS_20210119_01of02.zip
2024-10-26 02:38:23,896 - INFO - Starting download from URL: https://firds.esma.europa.eu/firds/DLTINS_20210119_01of02.zip
2024-10-26 02:38:28,026 - INFO - Successfully downloaded and saved to: C:\Users\DELL\Desktop\SteelProject\aa.zip
2024-10-26 02:38:28,029 - INFO - Extracting XML from zip file: C:\Users\DELL\Desktop\SteelProject\aa.zip
2024-10-26 02:38:29,272 - INFO - Found XML file in zip: DLTINS_20210119_01of02.xml
2024-10-26 02:38:47,263 - INFO - Processing XML string with 2 xml elements
2024-10-26 02:39:16,216 - INFO - Successfully wrote CSV to C:\Users\DELL\Desktop\SteelProject\teststeel.csv
2024-10-26 02:39:18,034 - INFO - Modifying CSV file: C:\Users\DELL\Desktop\SteelProject\teststeel.csv
2024-10-26 02:39:24,800 - INFO - Uploading modified CSV to cloud at: C:\Users\DELL\Desktop\SteelProject\testnewSteel.csv
2024-10-26 02:39:25,317 - INFO - Successfully uploaded CSV to cloud at C:\Users\DELL\Desktop\SteelProject\testnewSteel.csv
2024-10-26 04:03:08,363 - INFO - Starting download from URL: https://registers.esma.europa.eu/solr/esma_registers_firds_files/select?q=*&fq=publication_date:%5B2021-01-17T00:00:00Z+TO+2021-01-19T23:59:59Z%5D&wt=xml&indent=true&start=0&rows=100
2024-10-26 04:03:09,407 - INFO - Successfully downloaded and saved to: C:\Users\DELL\Desktop\SteelProject\Steelnew.xml
2024-10-26 04:03:09,408 - INFO - Parsing XML file: C:\Users\DELL\Desktop\SteelProject\Steelnew.xml
2024-10-26 04:03:09,411 - INFO - Found second download link: https://firds.esma.europa.eu/firds/DLTINS_20210119_01of02.zip
2024-10-26 04:03:09,411 - INFO - Starting download from URL: https://firds.esma.europa.eu/firds/DLTINS_20210119_01of02.zip
2024-10-26 04:03:13,282 - INFO - Successfully downloaded and saved to: C:\Users\DELL\Desktop\SteelProject\aa.zip
2024-10-26 04:03:13,285 - INFO - Extracting XML from zip file: C:\Users\DELL\Desktop\SteelProject\aa.zip
2024-10-26 04:03:14,828 - INFO - Found XML file in zip: DLTINS_20210119_01of02.xml
2024-10-26 04:03:33,943 - INFO - Processing XML string with 2 xml elements
2024-10-26 04:04:03,628 - INFO - Successfully wrote CSV to C:\Users\DELL\Desktop\SteelProject\teststeel.csv
2024-10-26 04:04:05,585 - INFO - Modifying CSV file: C:\Users\DELL\Desktop\SteelProject\teststeel.csv
2024-10-26 04:04:11,936 - INFO - Uploading modified CSV to cloud at: C:\Users\DELL\Desktop\SteelProject\testnewSteel.csv
2024-10-26 04:04:12,478 - INFO - Successfully uploaded CSV to cloud at C:\Users\DELL\Desktop\SteelProject\testnewSteel.csv
2024-10-26 04:17:33,507 - INFO - Starting download from URL: https://registers.esma.europa.eu/solr/esma_registers_firds_files/select?q=*&fq=publication_date:%5B2021-01-17T00:00:00Z+TO+2021-01-19T23:59:59Z%5D&wt=xml&indent=true&start=0&rows=100
2024-10-26 04:17:34,464 - INFO - Successfully downloaded and saved to: C:\Users\DELL\Desktop\SteelProject\Steelnew.xml
2024-10-26 04:17:34,465 - INFO - Parsing XML file: C:\Users\DELL\Desktop\SteelProject\Steelnew.xml
2024-10-26 04:17:34,466 - INFO - Found second download link: https://firds.esma.europa.eu/firds/DLTINS_20210119_01of02.zip
2024-10-26 04:17:34,466 - INFO - Starting download from URL: https://firds.esma.europa.eu/firds/DLTINS_20210119_01of02.zip
2024-10-26 04:17:38,310 - INFO - Successfully downloaded and saved to: C:\Users\DELL\Desktop\SteelProject\aa.zip
2024-10-26 04:17:38,324 - INFO - Extracting XML from zip file: C:\Users\DELL\Desktop\SteelProject\aa.zip
2024-10-26 04:17:39,582 - INFO - Found XML file in zip: DLTINS_20210119_01of02.xml
2024-10-26 04:17:58,446 - INFO - Processing XML string with 2 xml elements
2024-10-26 04:18:25,119 - INFO - Successfully wrote CSV to C:\Users\DELL\Desktop\SteelProject\teststeel.csv
2024-10-26 04:18:26,958 - INFO - Modifying CSV file: C:\Users\DELL\Desktop\SteelProject\teststeel.csv
2024-10-26 04:18:33,860 - INFO - Uploading modified CSV to cloud at: C:\Users\DELL\Desktop\SteelProject\testnewSteel.csv
2024-10-26 04:18:34,380 - INFO - Successfully uploaded CSV to cloud at C:\Users\DELL\Desktop\SteelProject\testnewSteel.csv
2024-10-26 04:22:47,549 - INFO - Starting download from URL: https://registers.esma.europa.eu/solr/esma_registers_firds_files/select?q=*&fq=publication_date:%5B2021-01-17T00:00:00Z+TO+2021-01-19T23:59:59Z%5D&wt=xml&indent=true&start=0&rows=100
2024-10-26 04:22:48,545 - INFO - Successfully downloaded and saved to: C:\Users\DELL\Desktop\SteelProject\Steelnew.xml
2024-10-26 04:22:48,546 - INFO - Parsing XML file: C:\Users\DELL\Desktop\SteelProject\Steelnew.xml
2024-10-26 04:22:48,547 - INFO - Found second download link: https://firds.esma.europa.eu/firds/DLTINS_20210119_01of02.zip
2024-10-26 04:22:48,547 - INFO - Starting download from URL: https://firds.esma.europa.eu/firds/DLTINS_20210119_01of02.zip
2024-10-26 04:22:52,293 - INFO - Successfully downloaded and saved to: C:\Users\DELL\Desktop\SteelProject\aa.zip
2024-10-26 04:22:52,306 - INFO - Extracting XML from zip file: C:\Users\DELL\Desktop\SteelProject\aa.zip
2024-10-26 04:22:53,634 - INFO - Found XML file in zip: DLTINS_20210119_01of02.xml
2024-10-26 04:23:10,829 - INFO - Processing XML string with 2 xml elements
2024-10-26 04:23:39,500 - INFO - Successfully wrote CSV to C:\Users\DELL\Desktop\SteelProject\teststeel.csv
2024-10-26 04:23:41,275 - INFO - Modifying CSV file: C:\Users\DELL\Desktop\SteelProject\teststeel.csv
2024-10-26 04:23:47,993 - INFO - Uploading modified CSV to cloud at: C:\Users\DELL\Desktop\SteelProject\testnewSteel.csv
2024-10-26 04:23:48,555 - INFO - Successfully uploaded CSV to cloud at C:\Users\DELL\Desktop\SteelProject\testnewSteel.csv
